0 verbose cli /usr/local/bin/node /usr/local/bin/npm
1 info using npm@10.8.2
2 info using node@v20.19.6
3 silly config load:file:/usr/local/lib/node_modules/npm/npmrc
4 silly config load:file:/data/.npmrc
5 silly config load:file:/usr/src/node-red/.npmrc
6 silly config load:file:/usr/local/etc/npmrc
7 verbose title npm remove node-red-contrib-stackhero-influxdb-v2
8 verbose argv "remove" "--no-audit" "--no-update-notifier" "--no-fund" "--save" "node-red-contrib-stackhero-influxdb-v2"
9 verbose logfile logs-max:10 dir:/data/.npm/_logs/2026-01-28T15_43_17_409Z-
10 verbose logfile /data/.npm/_logs/2026-01-28T15_43_17_409Z-debug-0.log
11 silly packumentCache heap:2197815296 maxSize:549453824 maxEntrySize:274726912
12 silly logfile done cleaning log files
13 silly idealTree buildDeps
14 silly reify mark retired [ '/data/node_modules/influxdb-v2' ]
15 silly reify mark retired [ '/data/node_modules/node-fetch' ]
16 silly reify mark retired [ '/data/node_modules/node-red-contrib-stackhero-influxdb-v2' ]
17 silly reify mark retired [ '/data/node_modules/tr46' ]
18 silly reify mark retired [ '/data/node_modules/webidl-conversions' ]
19 silly reify mark retired [ '/data/node_modules/whatwg-url' ]
20 silly reify moves {
20 silly reify   '/data/node_modules/influxdb-v2': '/data/node_modules/.influxdb-v2-wCisppoz',
20 silly reify   '/data/node_modules/node-fetch': '/data/node_modules/.node-fetch-nWcK4DvS',
20 silly reify   '/data/node_modules/node-red-contrib-stackhero-influxdb-v2': '/data/node_modules/.node-red-contrib-stackhero-influxdb-v2-5TthzyZU',
20 silly reify   '/data/node_modules/tr46': '/data/node_modules/.tr46-nC0Q94ES',
20 silly reify   '/data/node_modules/webidl-conversions': '/data/node_modules/.webidl-conversions-NxZHehm0',
20 silly reify   '/data/node_modules/whatwg-url': '/data/node_modules/.whatwg-url-rpY9wHDS'
20 silly reify }
21 silly REMOVE node_modules/whatwg-url
22 silly REMOVE node_modules/webidl-conversions
23 silly REMOVE node_modules/tr46
24 silly REMOVE node_modules/node-red-contrib-stackhero-influxdb-v2
25 silly REMOVE node_modules/node-fetch
26 silly REMOVE node_modules/influxdb-v2
27 verbose cwd /data
28 verbose os Linux 6.8.0-90-generic
29 verbose node v20.19.6
30 verbose npm  v10.8.2
31 verbose exit 0
32 info ok
